<?xml version="1.0" encoding="UTF-8"?>
<testng-results skipped="0" failed="0" total="2" passed="2">
  <reporter-output>
  </reporter-output>
  <suite name="Default suite" duration-ms="17264" started-at="2018-06-26T04:29:10Z" finished-at="2018-06-26T04:29:27Z">
    <groups>
    </groups>
    <test name="Default test" duration-ms="17264" started-at="2018-06-26T04:29:10Z" finished-at="2018-06-26T04:29:27Z">
      <class name="day5_DataProvider.DataProviderClass">
        <test-method status="PASS" signature="launchBrowser()[pri:0, instance:day5_DataProvider.DataProviderClass@6d00a15d]" name="launchBrowser" is-config="true" duration-ms="6242" started-at="2018-06-26T09:59:10Z" finished-at="2018-06-26T09:59:16Z">
          <reporter-output>
          </reporter-output>
        </test-method> <!-- launchBrowser -->
        <test-method status="PASS" signature="dataProvider(java.lang.String, java.lang.String)[pri:0, instance:day5_DataProvider.DataProviderClass@6d00a15d]" name="dataProvider" duration-ms="6935" started-at="2018-06-26T09:59:16Z" data-provider="dp" finished-at="2018-06-26T09:59:23Z">
          <params>
            <param index="0">
              <value>
                <![CDATA[demo]]>
              </value>
            </param>
            <param index="1">
              <value>
                <![CDATA[demo]]>
              </value>
            </param>
          </params>
          <reporter-output>
          </reporter-output>
        </test-method> <!-- dataProvider -->
        <test-method status="PASS" signature="dataProvider(java.lang.String, java.lang.String)[pri:0, instance:day5_DataProvider.DataProviderClass@6d00a15d]" name="dataProvider" duration-ms="4035" started-at="2018-06-26T09:59:23Z" data-provider="dp" finished-at="2018-06-26T09:59:27Z">
          <params>
            <param index="0">
              <value>
                <![CDATA[mazoor]]>
              </value>
            </param>
            <param index="1">
              <value>
                <![CDATA[manzoor]]>
              </value>
            </param>
          </params>
          <reporter-output>
          </reporter-output>
        </test-method> <!-- dataProvider -->
        <test-method status="PASS" signature="browserShut()[pri:0, instance:day5_DataProvider.DataProviderClass@6d00a15d]" name="browserShut" is-config="true" duration-ms="32" started-at="2018-06-26T09:59:27Z" finished-at="2018-06-26T09:59:27Z">
          <reporter-output>
          </reporter-output>
        </test-method> <!-- browserShut -->
      </class> <!-- day5_DataProvider.DataProviderClass -->
    </test> <!-- Default test -->
  </suite> <!-- Default suite -->
</testng-results>
