<?xml version="1.0" encoding="UTF-8"?>
<!-- Generated by org.testng.reporters.JUnitXMLReporter -->
<testsuite hostname="IBM-Testing22" name="SuitOne" tests="6" failures="0" timestamp="25 Jun 2018 08:47:29 GMT" time="0.062" errors="0">
  <testcase name="fun1" time="0.015" classname="testng.TestNgFirst"/>
  <testcase name="fun2" time="0.0" classname="testng.TestNgFirst"/>
  <testcase name="fun3" time="0.0" classname="testng.TestNgFirst"/>
  <testcase name="fun1" time="0.0" classname="testng.TestNGSecond"/>
  <testcase name="fun2" time="0.0" classname="testng.TestNGSecond"/>
  <testcase name="fun3" time="0.0" classname="testng.TestNGSecond"/>
</testsuite> <!-- SuitOne -->
